<?xml version="1.0" encoding="UTF-8"?>
<testsuite name="ParserTest" tests="1" skipped="0" failures="0" errors="0" timestamp="2020-02-13T21:43:27" hostname="Demo-PC" time="0.005">
  <properties/>
  <testcase name="shouldReturnFalseWhenCalledWithQuit" classname="ParserTest" time="0.005"/>
  <system-out><![CDATA[]]></system-out>
  <system-err><![CDATA[]]></system-err>
</testsuite>
